[jeudi 24 février 2022 14:15:40] : *** Log Started ***
[jeudi 24 février 2022 14:15:40] : Openning Log
[jeudi 24 février 2022 14:15:40] : Log Ready
[jeudi 24 février 2022 14:15:40] : 2FCF8E083DDAD7E9F2105094231410240D9C6B31
[jeudi 24 février 2022 14:15:40] : SQLite correctly initialized
[jeudi 24 février 2022 14:15:40] : GFL SDK correctly initialized
[jeudi 24 février 2022 14:15:40] : Entering VerifyCfeIni
[jeudi 24 février 2022 14:15:40] : Flushing ini cache
[jeudi 24 février 2022 14:15:40] : CoFeE.ini already exists
[jeudi 24 février 2022 14:15:40] : Verifying CoFeE.ini
[jeudi 24 février 2022 14:15:40] : Exiting VerifyCfeIni
[jeudi 24 février 2022 14:15:40] : Creating Export Directory
[jeudi 24 février 2022 14:15:40] : Cannot create the export directory because it already exists. Not an error.
[jeudi 24 février 2022 14:15:41] : Writing the Export Directory into CoFeE.ini
[jeudi 24 février 2022 14:15:41] : Language found in CoFeE.ini
[jeudi 24 février 2022 14:15:41] : The language file exists
[jeudi 24 février 2022 14:15:41] : Language file loaded in memory
[jeudi 24 février 2022 14:15:41] : ZeeGrid correctly initialized
[jeudi 24 février 2022 14:15:41] : Undo Stack correctly initialized
[jeudi 24 février 2022 14:15:41] : Entering OpenCfeDataBase
[jeudi 24 février 2022 14:15:41] : The database exists
[jeudi 24 février 2022 14:15:41] : Verifying the filters table
[jeudi 24 février 2022 14:15:41] : The filters table exists
[jeudi 24 février 2022 14:15:41] : All is good with the filters table
[jeudi 24 février 2022 14:15:41] : Verifying the Convolution table
[jeudi 24 février 2022 14:15:41] : The Convolution table exists
[jeudi 24 février 2022 14:15:41] : All is good with the Convolution table
[jeudi 24 février 2022 14:15:41] : Verifying the Asteroid table
[jeudi 24 février 2022 14:15:41] : The Asteroid table exists
[jeudi 24 février 2022 14:15:41] : All is ok, the program can continue
[jeudi 24 février 2022 14:15:41] : The database is now opened
[jeudi 24 février 2022 14:15:41] : CoFeE will delete the temporary files
[jeudi 24 février 2022 14:15:41] : CoFeE has successfully deleted the temporary files
[jeudi 24 février 2022 14:15:41] : Registering the windows classes
[jeudi 24 février 2022 14:15:41] : ToolBox registered
[jeudi 24 février 2022 14:15:41] : Child 1 registered
[jeudi 24 février 2022 14:15:41] : Child 2 registered
[jeudi 24 février 2022 14:15:41] : Child 3 registered
[jeudi 24 février 2022 14:15:41] : Child 4 registered
[jeudi 24 février 2022 14:15:41] : Child 5 registered
[jeudi 24 février 2022 14:15:41] : Child 6 registered
[jeudi 24 février 2022 14:15:41] : Main window created
